04.07.17 10:27:22, Info: Initializing SIMPLSharp Services...
04.07.17 10:27:22, Info: ProjectInfo successfully initialized.
04.07.17 10:31:26, Info: Validating assembly C:\Projects\iTachFlexCrestronDemo\iTachFlexLibrary\iTachFlexLibrary\bin\Debug\iTachFlexLibrary.dll...
04.07.17 10:31:27, Info: Verifying assembly C:\Projects\iTachFlexCrestronDemo\iTachFlexLibrary\iTachFlexLibrary\bin\Debug\iTachFlexLibrary.dll
04.07.17 10:31:27, Info: Creating Archive C:\Projects\iTachFlexCrestronDemo\iTachFlexLibrary\iTachFlexLibrary\bin\Debug\iTachFlexLibrary.clz...
04.07.17 10:31:27, Info: Saving project information...
04.07.17 10:35:29, Info: Validating assembly C:\Projects\iTachFlexCrestronDemo\iTachFlexLibrary\iTachFlexLibrary\bin\Debug\iTachFlexLibrary.dll...
04.07.17 10:35:29, Info: Verifying assembly C:\Projects\iTachFlexCrestronDemo\iTachFlexLibrary\iTachFlexLibrary\bin\Debug\iTachFlexLibrary.dll
04.07.17 10:35:30, Info: Creating Archive C:\Projects\iTachFlexCrestronDemo\iTachFlexLibrary\iTachFlexLibrary\bin\Debug\iTachFlexLibrary.clz...
04.07.17 10:35:30, Info: Saving project information...
04.07.17 10:38:44, Info: Validating assembly C:\Projects\iTachFlexCrestronDemo\iTachFlexLibrary\iTachFlexLibrary\bin\Debug\iTachFlexLibrary.dll...
04.07.17 10:38:44, Info: Verifying assembly C:\Projects\iTachFlexCrestronDemo\iTachFlexLibrary\iTachFlexLibrary\bin\Debug\iTachFlexLibrary.dll
04.07.17 10:38:44, Info: Creating Archive C:\Projects\iTachFlexCrestronDemo\iTachFlexLibrary\iTachFlexLibrary\bin\Debug\iTachFlexLibrary.clz...
04.07.17 10:38:45, Info: Saving project information...
04.07.17 10:38:49, Info: Validating assembly C:\Projects\iTachFlexCrestronDemo\iTachFlexLibrary\iTachFlexLibrary\bin\Debug\iTachFlexLibrary.dll...
04.07.17 10:38:49, Info: Verifying assembly C:\Projects\iTachFlexCrestronDemo\iTachFlexLibrary\iTachFlexLibrary\bin\Debug\iTachFlexLibrary.dll
04.07.17 10:38:49, Info: Creating Archive C:\Projects\iTachFlexCrestronDemo\iTachFlexLibrary\iTachFlexLibrary\bin\Debug\iTachFlexLibrary.clz...
04.07.17 10:38:49, Info: Saving project information...
04.07.17 10:41:14, Info: Validating assembly C:\Projects\iTachFlexCrestronDemo\iTachFlexLibrary\iTachFlexLibrary\bin\Debug\iTachFlexLibrary.dll...
04.07.17 10:41:14, Info: Verifying assembly C:\Projects\iTachFlexCrestronDemo\iTachFlexLibrary\iTachFlexLibrary\bin\Debug\iTachFlexLibrary.dll
04.07.17 10:41:14, Info: Creating Archive C:\Projects\iTachFlexCrestronDemo\iTachFlexLibrary\iTachFlexLibrary\bin\Debug\iTachFlexLibrary.clz...
04.07.17 10:41:15, Info: Saving project information...
04.07.17 10:44:22, Info: Validating assembly C:\Projects\iTachFlexCrestronDemo\iTachFlexLibrary\iTachFlexLibrary\bin\Debug\iTachFlexLibrary.dll...
04.07.17 10:44:22, Info: Verifying assembly C:\Projects\iTachFlexCrestronDemo\iTachFlexLibrary\iTachFlexLibrary\bin\Debug\iTachFlexLibrary.dll
04.07.17 10:44:22, Info: Creating Archive C:\Projects\iTachFlexCrestronDemo\iTachFlexLibrary\iTachFlexLibrary\bin\Debug\iTachFlexLibrary.clz...
04.07.17 10:44:22, Info: Saving project information...
04.07.17 10:47:05, Info: Validating assembly C:\Projects\iTachFlexCrestronDemo\iTachFlexLibrary\iTachFlexLibrary\bin\Debug\iTachFlexLibrary.dll...
04.07.17 10:47:05, Info: Verifying assembly C:\Projects\iTachFlexCrestronDemo\iTachFlexLibrary\iTachFlexLibrary\bin\Debug\iTachFlexLibrary.dll
04.07.17 10:47:05, Info: Creating Archive C:\Projects\iTachFlexCrestronDemo\iTachFlexLibrary\iTachFlexLibrary\bin\Debug\iTachFlexLibrary.clz...
04.07.17 10:47:05, Info: Saving project information...
04.07.17 10:51:28, Info: Validating assembly C:\Projects\iTachFlexCrestronDemo\iTachFlexLibrary\iTachFlexLibrary\bin\Debug\iTachFlexLibrary.dll...
04.07.17 10:51:28, Info: Verifying assembly C:\Projects\iTachFlexCrestronDemo\iTachFlexLibrary\iTachFlexLibrary\bin\Debug\iTachFlexLibrary.dll
04.07.17 10:51:28, Info: Creating Archive C:\Projects\iTachFlexCrestronDemo\iTachFlexLibrary\iTachFlexLibrary\bin\Debug\iTachFlexLibrary.clz...
04.07.17 10:51:28, Info: Saving project information...
04.07.17 10:57:54, Info: Validating assembly C:\Projects\iTachFlexCrestronDemo\iTachFlexLibrary\iTachFlexLibrary\bin\Debug\iTachFlexLibrary.dll...
04.07.17 10:57:54, Info: Verifying assembly C:\Projects\iTachFlexCrestronDemo\iTachFlexLibrary\iTachFlexLibrary\bin\Debug\iTachFlexLibrary.dll
04.07.17 10:57:54, Info: Creating Archive C:\Projects\iTachFlexCrestronDemo\iTachFlexLibrary\iTachFlexLibrary\bin\Debug\iTachFlexLibrary.clz...
04.07.17 10:57:54, Info: Saving project information...
04.07.17 11:10:25, Info: Validating assembly C:\Projects\iTachFlexCrestronDemo\iTachFlexLibrary\iTachFlexLibrary\bin\Debug\iTachFlexLibrary.dll...
04.07.17 11:10:25, Info: Verifying assembly C:\Projects\iTachFlexCrestronDemo\iTachFlexLibrary\iTachFlexLibrary\bin\Debug\iTachFlexLibrary.dll
04.07.17 11:10:25, Info: Creating Archive C:\Projects\iTachFlexCrestronDemo\iTachFlexLibrary\iTachFlexLibrary\bin\Debug\iTachFlexLibrary.clz...
04.07.17 11:10:25, Info: Saving project information...
04.07.17 11:15:09, Info: Validating assembly C:\Projects\iTachFlexCrestronDemo\iTachFlexLibrary\iTachFlexLibrary\bin\Debug\iTachFlexLibrary.dll...
04.07.17 11:15:09, Info: Verifying assembly C:\Projects\iTachFlexCrestronDemo\iTachFlexLibrary\iTachFlexLibrary\bin\Debug\iTachFlexLibrary.dll
04.07.17 11:15:09, Info: Creating Archive C:\Projects\iTachFlexCrestronDemo\iTachFlexLibrary\iTachFlexLibrary\bin\Debug\iTachFlexLibrary.clz...
04.07.17 11:15:09, Info: Saving project information...
04.07.17 11:56:07, Info: Terminating SIMPLSharp Services
