03.07.17 16:12:38, Info: Initializing SIMPLSharp Services...
03.07.17 16:12:38, Info: ProjectInfo successfully initialized.
03.07.17 16:12:42, Info: Saving project information...
03.07.17 16:12:42, Info: Saving project information...
03.07.17 16:12:42, Info: Saving project information...
03.07.17 16:12:42, Info: Saving project information...
03.07.17 16:12:42, Info: Saving project information...
03.07.17 16:12:42, Info: Saving project information...
03.07.17 16:16:56, Info: Saving project information...
03.07.17 16:16:56, Info: Saving project information...
03.07.17 16:16:56, Info: Saving project information...
03.07.17 16:17:32, Info: Saving project information...
03.07.17 16:17:32, Info: Saving project information...
03.07.17 16:17:32, Info: Saving project information...
03.07.17 16:17:32, Info: Saving project information...
03.07.17 16:17:32, Info: Saving project information...
03.07.17 16:17:32, Info: Saving project information...
03.07.17 16:17:33, Info: Validating assembly C:\Projects\iTachFlexCrestronDemo\iTachFlexLibrary\iTachFlexLibrary\bin\Debug\iTachFlexLibrary.dll...
03.07.17 16:17:33, Info: Verifying assembly C:\Projects\iTachFlexCrestronDemo\iTachFlexLibrary\iTachFlexLibrary\bin\Debug\iTachFlexLibrary.dll
03.07.17 16:17:33, Info: Creating Archive C:\Projects\iTachFlexCrestronDemo\iTachFlexLibrary\iTachFlexLibrary\bin\Debug\iTachFlexLibrary.clz...
03.07.17 16:17:33, Info: Saving project information...
03.07.17 17:11:57, Info: Saving project information...
03.07.17 17:11:57, Info: Saving project information...
03.07.17 17:11:57, Info: Saving project information...
03.07.17 17:16:57, Info: Saving project information...
03.07.17 17:16:57, Info: Saving project information...
03.07.17 17:16:57, Info: Saving project information...
03.07.17 17:21:57, Info: Saving project information...
03.07.17 17:21:57, Info: Saving project information...
03.07.17 17:21:57, Info: Saving project information...
03.07.17 17:24:23, Info: Saving project information...
03.07.17 17:24:23, Info: Saving project information...
03.07.17 17:24:23, Info: Saving project information...
03.07.17 17:24:23, Info: Saving project information...
03.07.17 17:24:23, Info: Saving project information...
03.07.17 17:24:23, Info: Saving project information...
03.07.17 17:24:24, Info: Validating assembly C:\Projects\iTachFlexCrestronDemo\iTachFlexLibrary\iTachFlexLibrary\bin\Debug\iTachFlexLibrary.dll...
03.07.17 17:24:24, Info: Verifying assembly C:\Projects\iTachFlexCrestronDemo\iTachFlexLibrary\iTachFlexLibrary\bin\Debug\iTachFlexLibrary.dll
03.07.17 17:24:24, Info: Creating Archive C:\Projects\iTachFlexCrestronDemo\iTachFlexLibrary\iTachFlexLibrary\bin\Debug\iTachFlexLibrary.clz...
03.07.17 17:24:24, Info: Saving project information...
03.07.17 17:25:42, Info: Validating assembly C:\Projects\iTachFlexCrestronDemo\iTachFlexLibrary\iTachFlexLibrary\bin\Debug\iTachFlexLibrary.dll...
03.07.17 17:25:42, Info: Verifying assembly C:\Projects\iTachFlexCrestronDemo\iTachFlexLibrary\iTachFlexLibrary\bin\Debug\iTachFlexLibrary.dll
03.07.17 17:25:42, Info: Creating Archive C:\Projects\iTachFlexCrestronDemo\iTachFlexLibrary\iTachFlexLibrary\bin\Debug\iTachFlexLibrary.clz...
03.07.17 17:25:42, Info: Saving project information...
03.07.17 17:30:20, Info: Validating assembly C:\Projects\iTachFlexCrestronDemo\iTachFlexLibrary\iTachFlexLibrary\bin\Debug\iTachFlexLibrary.dll...
03.07.17 17:30:20, Info: Verifying assembly C:\Projects\iTachFlexCrestronDemo\iTachFlexLibrary\iTachFlexLibrary\bin\Debug\iTachFlexLibrary.dll
03.07.17 17:30:20, Info: Creating Archive C:\Projects\iTachFlexCrestronDemo\iTachFlexLibrary\iTachFlexLibrary\bin\Debug\iTachFlexLibrary.clz...
03.07.17 17:30:20, Info: Saving project information...
03.07.17 17:43:43, Info: Validating assembly C:\Projects\iTachFlexCrestronDemo\iTachFlexLibrary\iTachFlexLibrary\bin\Debug\iTachFlexLibrary.dll...
03.07.17 17:43:43, Info: Verifying assembly C:\Projects\iTachFlexCrestronDemo\iTachFlexLibrary\iTachFlexLibrary\bin\Debug\iTachFlexLibrary.dll
03.07.17 17:43:43, Info: Creating Archive C:\Projects\iTachFlexCrestronDemo\iTachFlexLibrary\iTachFlexLibrary\bin\Debug\iTachFlexLibrary.clz...
03.07.17 17:43:43, Info: Saving project information...
03.07.17 17:55:00, Info: Terminating SIMPLSharp Services
