03.07.17 16:03:36, Info: Initializing SIMPLSharp Services...
03.07.17 16:03:36, Info: ProjectInfo successfully initialized.
03.07.17 16:03:36, Info: Commiting verification transaction...
03.07.17 16:03:36, Info: Saving project information...
03.07.17 16:06:22, Info: Initializing SIMPLSharp Services...
03.07.17 16:06:22, Info: ProjectInfo successfully initialized.
03.07.17 16:06:23, Info: Commiting verification transaction...
03.07.17 16:06:23, Info: Saving project information...
03.07.17 16:30:03, Info: Initializing SIMPLSharp Services...
03.07.17 16:30:03, Info: ProjectInfo successfully initialized.
03.07.17 16:30:03, Info: Verifying archive C:\Projects\iTachFlexCrestronDemo\iTachFlexLibrary\iTachFlexLibrary\bin\Debug\iTachFlexLibrary.clz...
03.07.17 16:30:03, Info: Saving project information...
03.07.17 16:30:04, Info: Commiting verification transaction...
03.07.17 16:30:04, Info: Saving project information...
03.07.17 16:31:47, Info: Initializing SIMPLSharp Services...
03.07.17 16:31:47, Info: ProjectInfo successfully initialized.
03.07.17 16:31:47, Info: Verifying archive C:\Projects\iTachFlexCrestronDemo\iTachFlexLibrary\iTachFlexLibrary\bin\Debug\iTachFlexLibrary.clz...
03.07.17 16:31:47, Info: Saving project information...
03.07.17 16:31:48, Info: Commiting verification transaction...
03.07.17 16:31:48, Info: Saving project information...
03.07.17 16:40:06, Info: Initializing SIMPLSharp Services...
03.07.17 16:40:06, Info: ProjectInfo successfully initialized.
03.07.17 16:40:06, Info: Verifying archive C:\Projects\iTachFlexCrestronDemo\iTachFlexLibrary\iTachFlexLibrary\bin\Debug\iTachFlexLibrary.clz...
03.07.17 16:40:07, Info: Saving project information...
03.07.17 16:40:07, Info: Commiting verification transaction...
03.07.17 16:40:07, Info: Saving project information...
03.07.17 16:49:24, Info: Initializing SIMPLSharp Services...
03.07.17 16:49:24, Info: ProjectInfo successfully initialized.
03.07.17 16:49:25, Info: Verifying archive C:\Projects\iTachFlexCrestronDemo\iTachFlexLibrary\iTachFlexLibrary\bin\Debug\iTachFlexLibrary.clz...
03.07.17 16:49:25, Info: Saving project information...
03.07.17 16:49:26, Info: Commiting verification transaction...
03.07.17 16:49:26, Info: Saving project information...
03.07.17 16:53:29, Info: Initializing SIMPLSharp Services...
03.07.17 16:53:29, Info: ProjectInfo successfully initialized.
03.07.17 16:53:30, Info: Verifying archive C:\Projects\iTachFlexCrestronDemo\iTachFlexLibrary\iTachFlexLibrary\bin\Debug\iTachFlexLibrary.clz...
03.07.17 16:53:30, Info: Saving project information...
03.07.17 16:53:31, Info: Commiting verification transaction...
03.07.17 16:53:31, Info: Saving project information...
03.07.17 16:59:03, Info: Initializing SIMPLSharp Services...
03.07.17 16:59:03, Info: ProjectInfo successfully initialized.
03.07.17 16:59:03, Info: Verifying archive C:\Projects\iTachFlexCrestronDemo\iTachFlexLibrary\iTachFlexLibrary\bin\Debug\iTachFlexLibrary.clz...
03.07.17 16:59:04, Info: Saving project information...
03.07.17 16:59:04, Info: Commiting verification transaction...
03.07.17 16:59:04, Info: Saving project information...
03.07.17 16:59:53, Info: Initializing SIMPLSharp Services...
03.07.17 16:59:53, Info: ProjectInfo successfully initialized.
03.07.17 16:59:54, Info: Verifying archive C:\Projects\iTachFlexCrestronDemo\iTachFlexLibrary\iTachFlexLibrary\bin\Debug\iTachFlexLibrary.clz...
03.07.17 16:59:54, Info: Saving project information...
03.07.17 16:59:55, Info: Commiting verification transaction...
03.07.17 16:59:55, Info: Saving project information...
03.07.17 17:08:49, Info: Initializing SIMPLSharp Services...
03.07.17 17:08:49, Info: ProjectInfo successfully initialized.
03.07.17 17:08:49, Info: Verifying archive C:\Projects\iTachFlexCrestronDemo\iTachFlexLibrary\iTachFlexLibrary\bin\Debug\iTachFlexLibrary.clz...
03.07.17 17:08:49, Info: Saving project information...
03.07.17 17:08:50, Info: Commiting verification transaction...
03.07.17 17:08:50, Info: Saving project information...
03.07.17 17:27:22, Info: Initializing SIMPLSharp Services...
03.07.17 17:27:22, Info: ProjectInfo successfully initialized.
03.07.17 17:27:22, Info: Verifying archive C:\Projects\iTachFlexCrestronDemo\iTachFlexLibrary\iTachFlexLibrary\bin\Debug\iTachFlexLibrary.clz...
03.07.17 17:27:23, Info: Saving project information...
03.07.17 17:27:23, Info: Commiting verification transaction...
03.07.17 17:27:23, Info: Saving project information...
03.07.17 17:30:36, Info: Initializing SIMPLSharp Services...
03.07.17 17:30:36, Info: ProjectInfo successfully initialized.
03.07.17 17:30:36, Info: Verifying archive C:\Projects\iTachFlexCrestronDemo\iTachFlexLibrary\iTachFlexLibrary\bin\Debug\iTachFlexLibrary.clz...
03.07.17 17:30:36, Info: Saving project information...
03.07.17 17:30:37, Info: Commiting verification transaction...
03.07.17 17:30:37, Info: Saving project information...
03.07.17 17:32:16, Info: Initializing SIMPLSharp Services...
03.07.17 17:32:16, Info: ProjectInfo successfully initialized.
03.07.17 17:32:17, Info: Verifying archive C:\Projects\iTachFlexCrestronDemo\iTachFlexLibrary\iTachFlexLibrary\bin\Debug\iTachFlexLibrary.clz...
03.07.17 17:32:17, Info: Saving project information...
03.07.17 17:32:18, Info: Commiting verification transaction...
03.07.17 17:32:18, Info: Saving project information...
03.07.17 17:43:54, Info: Initializing SIMPLSharp Services...
03.07.17 17:43:54, Info: ProjectInfo successfully initialized.
03.07.17 17:43:54, Info: Verifying archive C:\Projects\iTachFlexCrestronDemo\iTachFlexLibrary\iTachFlexLibrary\bin\Debug\iTachFlexLibrary.clz...
03.07.17 17:43:54, Info: Saving project information...
03.07.17 17:43:55, Info: Commiting verification transaction...
03.07.17 17:43:55, Info: Saving project information...
03.07.17 17:45:31, Info: Initializing SIMPLSharp Services...
03.07.17 17:45:31, Info: ProjectInfo successfully initialized.
03.07.17 17:45:31, Info: Verifying archive C:\Projects\iTachFlexCrestronDemo\iTachFlexLibrary\iTachFlexLibrary\bin\Debug\iTachFlexLibrary.clz...
03.07.17 17:45:32, Info: Saving project information...
03.07.17 17:45:32, Info: Commiting verification transaction...
03.07.17 17:45:32, Info: Saving project information...
03.07.17 17:47:46, Info: Initializing SIMPLSharp Services...
03.07.17 17:47:46, Info: ProjectInfo successfully initialized.
03.07.17 17:47:46, Info: Verifying archive C:\Projects\iTachFlexCrestronDemo\iTachFlexLibrary\iTachFlexLibrary\bin\Debug\iTachFlexLibrary.clz...
03.07.17 17:47:46, Info: Saving project information...
03.07.17 17:47:47, Info: Commiting verification transaction...
03.07.17 17:47:47, Info: Saving project information...
03.07.17 17:48:52, Info: Initializing SIMPLSharp Services...
03.07.17 17:48:52, Info: ProjectInfo successfully initialized.
03.07.17 17:48:52, Info: Verifying archive C:\Projects\iTachFlexCrestronDemo\iTachFlexLibrary\iTachFlexLibrary\bin\Debug\iTachFlexLibrary.clz...
03.07.17 17:48:53, Info: Saving project information...
03.07.17 17:48:53, Info: Commiting verification transaction...
03.07.17 17:48:53, Info: Saving project information...
03.07.17 17:50:55, Info: Initializing SIMPLSharp Services...
03.07.17 17:50:55, Info: ProjectInfo successfully initialized.
03.07.17 17:50:55, Info: Verifying archive C:\Projects\iTachFlexCrestronDemo\iTachFlexLibrary\iTachFlexLibrary\bin\Debug\iTachFlexLibrary.clz...
03.07.17 17:50:55, Info: Saving project information...
03.07.17 17:50:56, Info: Commiting verification transaction...
03.07.17 17:50:56, Info: Saving project information...
03.07.17 17:51:01, Info: Initializing SIMPLSharp Services...
03.07.17 17:51:01, Info: ProjectInfo successfully initialized.
03.07.17 17:51:01, Info: Verifying archive C:\Projects\iTachFlexCrestronDemo\iTachFlexLibrary\iTachFlexLibrary\bin\Debug\iTachFlexLibrary.clz...
03.07.17 17:51:01, Info: Saving project information...
03.07.17 17:51:02, Info: Commiting verification transaction...
03.07.17 17:51:02, Info: Saving project information...
03.07.17 17:53:20, Info: Initializing SIMPLSharp Services...
03.07.17 17:53:20, Info: ProjectInfo successfully initialized.
03.07.17 17:53:21, Info: Verifying archive C:\Projects\iTachFlexCrestronDemo\iTachFlexLibrary\iTachFlexLibrary\bin\Debug\iTachFlexLibrary.clz...
03.07.17 17:53:21, Info: Saving project information...
03.07.17 17:53:21, Info: Commiting verification transaction...
03.07.17 17:53:21, Info: Saving project information...
03.07.17 17:53:25, Info: Initializing SIMPLSharp Services...
03.07.17 17:53:25, Info: ProjectInfo successfully initialized.
03.07.17 17:53:26, Info: Verifying archive C:\Projects\iTachFlexCrestronDemo\iTachFlexLibrary\iTachFlexLibrary\bin\Debug\iTachFlexLibrary.clz...
03.07.17 17:53:26, Info: Saving project information...
03.07.17 17:53:27, Info: Commiting verification transaction...
03.07.17 17:53:27, Info: Saving project information...
03.07.17 17:54:59, Info: Terminating SIMPLSharp Services
03.07.17 17:54:59, Info: Saving project information...
03.07.17 17:54:59, Info: Terminating SIMPLSharp Services
03.07.17 17:54:59, Info: Saving project information...
03.07.17 17:54:59, Info: Terminating SIMPLSharp Services
03.07.17 17:54:59, Info: Saving project information...
03.07.17 17:54:59, Info: Terminating SIMPLSharp Services
03.07.17 17:54:59, Info: Saving project information...
03.07.17 17:54:59, Info: Terminating SIMPLSharp Services
03.07.17 17:54:59, Info: Saving project information...
03.07.17 17:54:59, Info: Terminating SIMPLSharp Services
03.07.17 17:54:59, Info: Saving project information...
03.07.17 17:54:59, Info: Terminating SIMPLSharp Services
03.07.17 17:54:59, Info: Saving project information...
03.07.17 17:54:59, Info: Terminating SIMPLSharp Services
03.07.17 17:54:59, Info: Saving project information...
03.07.17 17:54:59, Info: Terminating SIMPLSharp Services
03.07.17 17:54:59, Info: Saving project information...
03.07.17 17:54:59, Info: Terminating SIMPLSharp Services
03.07.17 17:54:59, Info: Saving project information...
03.07.17 17:54:59, Info: Terminating SIMPLSharp Services
03.07.17 17:54:59, Info: Saving project information...
03.07.17 17:54:59, Info: Terminating SIMPLSharp Services
03.07.17 17:54:59, Info: Saving project information...
03.07.17 17:54:59, Info: Terminating SIMPLSharp Services
03.07.17 17:54:59, Info: Saving project information...
03.07.17 17:54:59, Info: Terminating SIMPLSharp Services
03.07.17 17:54:59, Info: Saving project information...
03.07.17 17:54:59, Info: Terminating SIMPLSharp Services
03.07.17 17:54:59, Info: Saving project information...
03.07.17 17:54:59, Info: Terminating SIMPLSharp Services
03.07.17 17:54:59, Info: Saving project information...
03.07.17 17:54:59, Info: Terminating SIMPLSharp Services
03.07.17 17:54:59, Info: Saving project information...
03.07.17 17:54:59, Info: Terminating SIMPLSharp Services
03.07.17 17:54:59, Info: Saving project information...
03.07.17 17:54:59, Info: Terminating SIMPLSharp Services
03.07.17 17:54:59, Info: Saving project information...
03.07.17 17:54:59, Info: Terminating SIMPLSharp Services
03.07.17 17:54:59, Info: Saving project information...
03.07.17 17:54:59, Info: Terminating SIMPLSharp Services
