03.07.17 15:59:11, Info: Initializing SIMPLSharp Services...
03.07.17 15:59:11, Info: ProjectInfo successfully initialized.
03.07.17 15:59:22, Info: Initializing SIMPLSharp Services...
03.07.17 15:59:22, Info: ProjectInfo successfully initialized.
03.07.17 15:59:35, Info: Initializing SIMPLSharp Services...
03.07.17 15:59:35, Info: ProjectInfo successfully initialized.
03.07.17 15:59:47, Info: Initializing SIMPLSharp Services...
03.07.17 15:59:47, Info: ProjectInfo successfully initialized.
03.07.17 15:59:52, Info: Initializing SIMPLSharp Services...
03.07.17 15:59:52, Info: ProjectInfo successfully initialized.
03.07.17 16:01:15, Info: Initializing SIMPLSharp Services...
03.07.17 16:01:15, Info: ProjectInfo successfully initialized.
03.07.17 16:01:28, Info: Initializing SIMPLSharp Services...
03.07.17 16:01:28, Info: ProjectInfo successfully initialized.
03.07.17 16:01:45, Info: Initializing SIMPLSharp Services...
03.07.17 16:01:45, Info: ProjectInfo successfully initialized.
03.07.17 16:06:15, Info: Initializing SIMPLSharp Services...
03.07.17 16:06:15, Info: ProjectInfo successfully initialized.
03.07.17 16:15:41, Info: Initializing SIMPLSharp Services...
03.07.17 16:15:41, Info: ProjectInfo successfully initialized.
03.07.17 16:16:22, Info: Initializing SIMPLSharp Services...
03.07.17 16:16:22, Info: ProjectInfo successfully initialized.
03.07.17 16:16:45, Info: Initializing SIMPLSharp Services...
03.07.17 16:16:45, Info: ProjectInfo successfully initialized.
03.07.17 16:16:58, Info: Initializing SIMPLSharp Services...
03.07.17 16:16:58, Info: ProjectInfo successfully initialized.
03.07.17 16:17:26, Info: Initializing SIMPLSharp Services...
03.07.17 16:17:26, Info: ProjectInfo successfully initialized.
03.07.17 16:25:53, Info: Initializing SIMPLSharp Services...
03.07.17 16:25:53, Info: ProjectInfo successfully initialized.
03.07.17 16:25:54, Info: Verifying archive C:\Projects\iTachFlexCrestronDemo\iTachFlexLibrary\iTachFlexLibrary\bin\Debug\iTachFlexLibrary.clz...
03.07.17 16:25:55, Info: Saving project information...
03.07.17 16:26:18, Info: Initializing SIMPLSharp Services...
03.07.17 16:26:18, Info: ProjectInfo successfully initialized.
03.07.17 16:26:18, Info: Verifying archive C:\Projects\iTachFlexCrestronDemo\iTachFlexLibrary\iTachFlexLibrary\bin\Debug\iTachFlexLibrary.clz...
03.07.17 16:26:19, Info: Saving project information...
03.07.17 16:26:48, Info: Initializing SIMPLSharp Services...
03.07.17 16:26:48, Info: ProjectInfo successfully initialized.
03.07.17 16:26:48, Info: Verifying archive C:\Projects\iTachFlexCrestronDemo\iTachFlexLibrary\iTachFlexLibrary\bin\Debug\iTachFlexLibrary.clz...
03.07.17 16:26:48, Info: Saving project information...
03.07.17 16:27:44, Info: Initializing SIMPLSharp Services...
03.07.17 16:27:44, Info: ProjectInfo successfully initialized.
03.07.17 16:27:45, Info: Verifying archive C:\Projects\iTachFlexCrestronDemo\iTachFlexLibrary\iTachFlexLibrary\bin\Debug\iTachFlexLibrary.clz...
03.07.17 16:27:45, Info: Saving project information...
03.07.17 16:28:05, Info: Initializing SIMPLSharp Services...
03.07.17 16:28:05, Info: ProjectInfo successfully initialized.
03.07.17 16:28:05, Info: Verifying archive C:\Projects\iTachFlexCrestronDemo\iTachFlexLibrary\iTachFlexLibrary\bin\Debug\iTachFlexLibrary.clz...
03.07.17 16:28:06, Info: Saving project information...
03.07.17 16:28:18, Info: Initializing SIMPLSharp Services...
03.07.17 16:28:18, Info: ProjectInfo successfully initialized.
03.07.17 16:28:30, Info: Terminating SIMPLSharp Services
03.07.17 16:28:30, Info: Saving project information...
03.07.17 16:28:30, Info: Terminating SIMPLSharp Services
03.07.17 16:28:30, Info: Saving project information...
03.07.17 16:28:30, Info: Terminating SIMPLSharp Services
03.07.17 16:28:30, Info: Saving project information...
03.07.17 16:28:30, Info: Terminating SIMPLSharp Services
03.07.17 16:28:30, Info: Saving project information...
03.07.17 16:28:30, Info: Terminating SIMPLSharp Services
03.07.17 16:28:30, Info: Saving project information...
03.07.17 16:28:30, Info: Terminating SIMPLSharp Services
03.07.17 16:28:30, Info: Saving project information...
03.07.17 16:28:30, Info: Terminating SIMPLSharp Services
03.07.17 16:28:30, Info: Saving project information...
03.07.17 16:28:30, Info: Terminating SIMPLSharp Services
03.07.17 16:28:30, Info: Saving project information...
03.07.17 16:28:30, Info: Terminating SIMPLSharp Services
03.07.17 16:28:30, Info: Saving project information...
03.07.17 16:28:30, Info: Terminating SIMPLSharp Services
03.07.17 16:28:30, Info: Saving project information...
03.07.17 16:28:30, Info: Terminating SIMPLSharp Services
03.07.17 16:28:30, Info: Saving project information...
03.07.17 16:28:30, Info: Terminating SIMPLSharp Services
03.07.17 16:28:30, Info: Saving project information...
03.07.17 16:28:30, Info: Terminating SIMPLSharp Services
03.07.17 16:28:30, Info: Saving project information...
03.07.17 16:28:30, Info: Terminating SIMPLSharp Services
03.07.17 16:28:30, Info: Saving project information...
03.07.17 16:28:30, Info: Terminating SIMPLSharp Services
03.07.17 16:28:30, Info: Saving project information...
03.07.17 16:28:30, Info: Terminating SIMPLSharp Services
03.07.17 16:28:30, Info: Saving project information...
03.07.17 16:28:30, Info: Terminating SIMPLSharp Services
03.07.17 16:28:30, Info: Saving project information...
03.07.17 16:28:30, Info: Terminating SIMPLSharp Services
03.07.17 16:28:30, Info: Saving project information...
03.07.17 16:28:30, Info: Terminating SIMPLSharp Services
03.07.17 16:28:30, Info: Saving project information...
03.07.17 16:28:30, Info: Terminating SIMPLSharp Services
