03.07.17 16:29:07, Info: Initializing SIMPLSharp Services...
03.07.17 16:29:07, Info: ProjectInfo successfully initialized.
03.07.17 16:29:07, Info: Verifying archive C:\Projects\iTachFlexCrestronDemo\iTachFlexLibrary\iTachFlexLibrary\bin\Debug\iTachFlexLibrary.clz...
03.07.17 16:29:08, Info: Saving project information...
03.07.17 16:29:55, Info: Initializing SIMPLSharp Services...
03.07.17 16:29:55, Info: ProjectInfo successfully initialized.
03.07.17 16:29:55, Info: Verifying archive C:\Projects\iTachFlexCrestronDemo\iTachFlexLibrary\iTachFlexLibrary\bin\Debug\iTachFlexLibrary.clz...
03.07.17 16:29:56, Info: Saving project information...
03.07.17 16:30:56, Info: Initializing SIMPLSharp Services...
03.07.17 16:30:56, Info: ProjectInfo successfully initialized.
03.07.17 16:30:56, Info: Verifying archive C:\Projects\iTachFlexCrestronDemo\iTachFlexLibrary\iTachFlexLibrary\bin\Debug\iTachFlexLibrary.clz...
03.07.17 16:30:57, Info: Saving project information...
03.07.17 16:39:40, Info: Initializing SIMPLSharp Services...
03.07.17 16:39:40, Info: ProjectInfo successfully initialized.
03.07.17 16:39:58, Info: Initializing SIMPLSharp Services...
03.07.17 16:39:58, Info: ProjectInfo successfully initialized.
03.07.17 16:39:58, Info: Verifying archive C:\Projects\iTachFlexCrestronDemo\iTachFlexLibrary\iTachFlexLibrary\bin\Debug\iTachFlexLibrary.clz...
03.07.17 16:39:58, Info: Saving project information...
03.07.17 16:49:19, Info: Initializing SIMPLSharp Services...
03.07.17 16:49:19, Info: ProjectInfo successfully initialized.
03.07.17 16:49:20, Info: Verifying archive C:\Projects\iTachFlexCrestronDemo\iTachFlexLibrary\iTachFlexLibrary\bin\Debug\iTachFlexLibrary.clz...
03.07.17 16:49:20, Info: Saving project information...
03.07.17 16:57:48, Info: Initializing SIMPLSharp Services...
03.07.17 16:57:48, Info: ProjectInfo successfully initialized.
03.07.17 16:57:49, Info: Verifying archive C:\Projects\iTachFlexCrestronDemo\iTachFlexLibrary\iTachFlexLibrary\bin\Debug\iTachFlexLibrary.clz...
03.07.17 16:57:49, Info: Saving project information...
03.07.17 16:58:13, Info: Initializing SIMPLSharp Services...
03.07.17 16:58:13, Info: ProjectInfo successfully initialized.
03.07.17 16:58:13, Info: Verifying archive C:\Projects\iTachFlexCrestronDemo\iTachFlexLibrary\iTachFlexLibrary\bin\Debug\iTachFlexLibrary.clz...
03.07.17 16:58:14, Info: Saving project information...
03.07.17 16:58:24, Info: Initializing SIMPLSharp Services...
03.07.17 16:58:24, Info: ProjectInfo successfully initialized.
03.07.17 16:58:24, Info: Verifying archive C:\Projects\iTachFlexCrestronDemo\iTachFlexLibrary\iTachFlexLibrary\bin\Debug\iTachFlexLibrary.clz...
03.07.17 16:58:25, Info: Saving project information...
03.07.17 16:58:57, Info: Initializing SIMPLSharp Services...
03.07.17 16:58:57, Info: ProjectInfo successfully initialized.
03.07.17 16:58:57, Info: Verifying archive C:\Projects\iTachFlexCrestronDemo\iTachFlexLibrary\iTachFlexLibrary\bin\Debug\iTachFlexLibrary.clz...
03.07.17 16:58:58, Info: Saving project information...
03.07.17 17:03:30, Info: Initializing SIMPLSharp Services...
03.07.17 17:03:30, Info: ProjectInfo successfully initialized.
03.07.17 17:03:31, Info: Verifying archive C:\Projects\iTachFlexCrestronDemo\iTachFlexLibrary\iTachFlexLibrary\bin\Debug\iTachFlexLibrary.clz...
03.07.17 17:03:31, Info: Saving project information...
03.07.17 17:24:06, Info: Initializing SIMPLSharp Services...
03.07.17 17:24:06, Info: ProjectInfo successfully initialized.
03.07.17 17:24:07, Info: Verifying archive C:\Projects\iTachFlexCrestronDemo\iTachFlexLibrary\iTachFlexLibrary\bin\Debug\iTachFlexLibrary.clz...
03.07.17 17:24:07, Info: Saving project information...
03.07.17 17:25:47, Info: Initializing SIMPLSharp Services...
03.07.17 17:25:47, Info: ProjectInfo successfully initialized.
03.07.17 17:25:47, Info: Verifying archive C:\Projects\iTachFlexCrestronDemo\iTachFlexLibrary\iTachFlexLibrary\bin\Debug\iTachFlexLibrary.clz...
03.07.17 17:25:48, Info: Saving project information...
03.07.17 17:26:20, Info: Initializing SIMPLSharp Services...
03.07.17 17:26:20, Info: ProjectInfo successfully initialized.
03.07.17 17:26:20, Info: Verifying archive C:\Projects\iTachFlexCrestronDemo\iTachFlexLibrary\iTachFlexLibrary\bin\Debug\iTachFlexLibrary.clz...
03.07.17 17:26:21, Info: Saving project information...
03.07.17 17:26:28, Info: Initializing SIMPLSharp Services...
03.07.17 17:26:28, Info: ProjectInfo successfully initialized.
03.07.17 17:26:29, Info: Verifying archive C:\Projects\iTachFlexCrestronDemo\iTachFlexLibrary\iTachFlexLibrary\bin\Debug\iTachFlexLibrary.clz...
03.07.17 17:26:29, Info: Saving project information...
03.07.17 17:30:28, Info: Initializing SIMPLSharp Services...
03.07.17 17:30:28, Info: ProjectInfo successfully initialized.
03.07.17 17:30:29, Info: Verifying archive C:\Projects\iTachFlexCrestronDemo\iTachFlexLibrary\iTachFlexLibrary\bin\Debug\iTachFlexLibrary.clz...
03.07.17 17:30:29, Info: Saving project information...
03.07.17 17:32:11, Info: Initializing SIMPLSharp Services...
03.07.17 17:32:11, Info: ProjectInfo successfully initialized.
03.07.17 17:32:11, Info: Verifying archive C:\Projects\iTachFlexCrestronDemo\iTachFlexLibrary\iTachFlexLibrary\bin\Debug\iTachFlexLibrary.clz...
03.07.17 17:32:12, Info: Saving project information...
03.07.17 17:43:23, Info: Initializing SIMPLSharp Services...
03.07.17 17:43:23, Info: ProjectInfo successfully initialized.
03.07.17 17:43:23, Info: Verifying archive C:\Projects\iTachFlexCrestronDemo\iTachFlexLibrary\iTachFlexLibrary\bin\Debug\iTachFlexLibrary.clz...
03.07.17 17:43:24, Info: Saving project information...
03.07.17 17:43:49, Info: Initializing SIMPLSharp Services...
03.07.17 17:43:49, Info: ProjectInfo successfully initialized.
03.07.17 17:43:49, Info: Verifying archive C:\Projects\iTachFlexCrestronDemo\iTachFlexLibrary\iTachFlexLibrary\bin\Debug\iTachFlexLibrary.clz...
03.07.17 17:43:50, Info: Saving project information...
03.07.17 17:45:24, Info: Initializing SIMPLSharp Services...
03.07.17 17:45:24, Info: ProjectInfo successfully initialized.
03.07.17 17:45:24, Info: Verifying archive C:\Projects\iTachFlexCrestronDemo\iTachFlexLibrary\iTachFlexLibrary\bin\Debug\iTachFlexLibrary.clz...
03.07.17 17:45:25, Info: Saving project information...
03.07.17 17:48:45, Info: Initializing SIMPLSharp Services...
03.07.17 17:48:45, Info: ProjectInfo successfully initialized.
03.07.17 17:48:45, Info: Verifying archive C:\Projects\iTachFlexCrestronDemo\iTachFlexLibrary\iTachFlexLibrary\bin\Debug\iTachFlexLibrary.clz...
03.07.17 17:48:45, Info: Saving project information...
03.07.17 17:50:49, Info: Initializing SIMPLSharp Services...
03.07.17 17:50:49, Info: ProjectInfo successfully initialized.
03.07.17 17:50:50, Info: Verifying archive C:\Projects\iTachFlexCrestronDemo\iTachFlexLibrary\iTachFlexLibrary\bin\Debug\iTachFlexLibrary.clz...
03.07.17 17:50:50, Info: Saving project information...
03.07.17 17:53:09, Info: Initializing SIMPLSharp Services...
03.07.17 17:53:09, Info: ProjectInfo successfully initialized.
03.07.17 17:53:10, Info: Verifying archive C:\Projects\iTachFlexCrestronDemo\iTachFlexLibrary\iTachFlexLibrary\bin\Debug\iTachFlexLibrary.clz...
03.07.17 17:53:10, Info: Saving project information...
03.07.17 17:54:54, Info: Terminating SIMPLSharp Services
03.07.17 17:54:54, Info: Saving project information...
03.07.17 17:54:54, Info: Terminating SIMPLSharp Services
03.07.17 17:54:54, Info: Saving project information...
03.07.17 17:54:54, Info: Terminating SIMPLSharp Services
03.07.17 17:54:54, Info: Saving project information...
03.07.17 17:54:54, Info: Terminating SIMPLSharp Services
03.07.17 17:54:54, Info: Saving project information...
03.07.17 17:54:54, Info: Terminating SIMPLSharp Services
03.07.17 17:54:54, Info: Saving project information...
03.07.17 17:54:54, Info: Terminating SIMPLSharp Services
03.07.17 17:54:54, Info: Saving project information...
03.07.17 17:54:54, Info: Terminating SIMPLSharp Services
03.07.17 17:54:54, Info: Saving project information...
03.07.17 17:54:54, Info: Terminating SIMPLSharp Services
03.07.17 17:54:54, Info: Saving project information...
03.07.17 17:54:54, Info: Terminating SIMPLSharp Services
03.07.17 17:54:54, Info: Saving project information...
03.07.17 17:54:54, Info: Terminating SIMPLSharp Services
03.07.17 17:54:54, Info: Saving project information...
03.07.17 17:54:54, Info: Terminating SIMPLSharp Services
03.07.17 17:54:54, Info: Saving project information...
03.07.17 17:54:54, Info: Terminating SIMPLSharp Services
03.07.17 17:54:54, Info: Saving project information...
03.07.17 17:54:54, Info: Terminating SIMPLSharp Services
03.07.17 17:54:54, Info: Saving project information...
03.07.17 17:54:54, Info: Terminating SIMPLSharp Services
03.07.17 17:54:54, Info: Saving project information...
03.07.17 17:54:54, Info: Terminating SIMPLSharp Services
03.07.17 17:54:54, Info: Saving project information...
03.07.17 17:54:54, Info: Terminating SIMPLSharp Services
03.07.17 17:54:54, Info: Saving project information...
03.07.17 17:54:54, Info: Terminating SIMPLSharp Services
03.07.17 17:54:54, Info: Saving project information...
03.07.17 17:54:54, Info: Terminating SIMPLSharp Services
03.07.17 17:54:54, Info: Saving project information...
03.07.17 17:54:54, Info: Terminating SIMPLSharp Services
03.07.17 17:54:54, Info: Saving project information...
03.07.17 17:54:54, Info: Terminating SIMPLSharp Services
03.07.17 17:54:54, Info: Saving project information...
03.07.17 17:54:54, Info: Terminating SIMPLSharp Services
03.07.17 17:54:54, Info: Saving project information...
03.07.17 17:54:54, Info: Terminating SIMPLSharp Services
03.07.17 17:54:54, Info: Saving project information...
03.07.17 17:54:54, Info: Terminating SIMPLSharp Services
