04.07.17 10:02:42, Info: Initializing SIMPLSharp Services...
04.07.17 10:02:42, Info: ProjectInfo successfully initialized.
04.07.17 10:02:43, Info: Verifying archive C:\Projects\iTachFlexCrestronDemo\iTachFlexLibrary\iTachFlexLibrary\bin\Debug\iTachFlexLibrary.clz...
04.07.17 10:02:43, Info: Saving project information...
04.07.17 10:25:44, Info: Initializing SIMPLSharp Services...
04.07.17 10:25:44, Info: ProjectInfo successfully initialized.
04.07.17 10:25:45, Info: Verifying archive C:\Projects\iTachFlexCrestronDemo\iTachFlexLibrary\iTachFlexLibrary\bin\Debug\iTachFlexLibrary.clz...
04.07.17 10:25:45, Info: Saving project information...
04.07.17 10:25:57, Info: Initializing SIMPLSharp Services...
04.07.17 10:25:57, Info: ProjectInfo successfully initialized.
04.07.17 10:25:58, Info: Verifying archive C:\Projects\iTachFlexCrestronDemo\iTachFlexLibrary\iTachFlexLibrary\bin\Debug\iTachFlexLibrary.clz...
04.07.17 10:25:58, Info: Saving project information...
04.07.17 10:31:33, Info: Initializing SIMPLSharp Services...
04.07.17 10:31:33, Info: ProjectInfo successfully initialized.
04.07.17 10:31:33, Info: Verifying archive C:\Projects\iTachFlexCrestronDemo\iTachFlexLibrary\iTachFlexLibrary\bin\Debug\iTachFlexLibrary.clz...
04.07.17 10:31:34, Info: Saving project information...
04.07.17 10:35:37, Info: Initializing SIMPLSharp Services...
04.07.17 10:35:37, Info: ProjectInfo successfully initialized.
04.07.17 10:35:38, Info: Verifying archive C:\Projects\iTachFlexCrestronDemo\iTachFlexLibrary\iTachFlexLibrary\bin\Debug\iTachFlexLibrary.clz...
04.07.17 10:35:38, Info: Saving project information...
04.07.17 10:38:57, Info: Initializing SIMPLSharp Services...
04.07.17 10:38:57, Info: ProjectInfo successfully initialized.
04.07.17 10:38:57, Info: Verifying archive C:\Projects\iTachFlexCrestronDemo\iTachFlexLibrary\iTachFlexLibrary\bin\Debug\iTachFlexLibrary.clz...
04.07.17 10:38:58, Info: Saving project information...
04.07.17 10:41:21, Info: Initializing SIMPLSharp Services...
04.07.17 10:41:21, Info: ProjectInfo successfully initialized.
04.07.17 10:41:22, Info: Verifying archive C:\Projects\iTachFlexCrestronDemo\iTachFlexLibrary\iTachFlexLibrary\bin\Debug\iTachFlexLibrary.clz...
04.07.17 10:41:22, Info: Saving project information...
04.07.17 10:44:27, Info: Initializing SIMPLSharp Services...
04.07.17 10:44:27, Info: ProjectInfo successfully initialized.
04.07.17 10:44:27, Info: Verifying archive C:\Projects\iTachFlexCrestronDemo\iTachFlexLibrary\iTachFlexLibrary\bin\Debug\iTachFlexLibrary.clz...
04.07.17 10:44:28, Info: Saving project information...
04.07.17 10:47:13, Info: Initializing SIMPLSharp Services...
04.07.17 10:47:13, Info: ProjectInfo successfully initialized.
04.07.17 10:47:14, Info: Verifying archive C:\Projects\iTachFlexCrestronDemo\iTachFlexLibrary\iTachFlexLibrary\bin\Debug\iTachFlexLibrary.clz...
04.07.17 10:47:14, Info: Saving project information...
04.07.17 10:51:33, Info: Initializing SIMPLSharp Services...
04.07.17 10:51:33, Info: ProjectInfo successfully initialized.
04.07.17 10:51:34, Info: Verifying archive C:\Projects\iTachFlexCrestronDemo\iTachFlexLibrary\iTachFlexLibrary\bin\Debug\iTachFlexLibrary.clz...
04.07.17 10:51:34, Info: Saving project information...
04.07.17 10:58:05, Info: Initializing SIMPLSharp Services...
04.07.17 10:58:05, Info: ProjectInfo successfully initialized.
04.07.17 10:58:06, Info: Verifying archive C:\Projects\iTachFlexCrestronDemo\iTachFlexLibrary\iTachFlexLibrary\bin\Debug\iTachFlexLibrary.clz...
04.07.17 10:58:06, Info: Saving project information...
04.07.17 11:10:32, Info: Initializing SIMPLSharp Services...
04.07.17 11:10:32, Info: ProjectInfo successfully initialized.
04.07.17 11:10:32, Info: Verifying archive C:\Projects\iTachFlexCrestronDemo\iTachFlexLibrary\iTachFlexLibrary\bin\Debug\iTachFlexLibrary.clz...
04.07.17 11:10:33, Info: Saving project information...
04.07.17 11:17:56, Info: Initializing SIMPLSharp Services...
04.07.17 11:17:56, Info: ProjectInfo successfully initialized.
04.07.17 11:17:57, Info: Verifying archive C:\Projects\iTachFlexCrestronDemo\iTachFlexLibrary\iTachFlexLibrary\bin\Debug\iTachFlexLibrary.clz...
04.07.17 11:17:57, Info: Saving project information...
04.07.17 11:18:59, Info: Initializing SIMPLSharp Services...
04.07.17 11:18:59, Info: ProjectInfo successfully initialized.
04.07.17 11:19:00, Info: Verifying archive C:\Projects\iTachFlexCrestronDemo\iTachFlexLibrary\iTachFlexLibrary\bin\Debug\iTachFlexLibrary.clz...
04.07.17 11:19:00, Info: Saving project information...
04.07.17 11:19:21, Info: Initializing SIMPLSharp Services...
04.07.17 11:19:21, Info: ProjectInfo successfully initialized.
04.07.17 11:19:21, Info: Verifying archive C:\Projects\iTachFlexCrestronDemo\iTachFlexLibrary\iTachFlexLibrary\bin\Debug\iTachFlexLibrary.clz...
04.07.17 11:19:22, Info: Saving project information...
04.07.17 11:19:32, Info: Initializing SIMPLSharp Services...
04.07.17 11:19:32, Info: ProjectInfo successfully initialized.
04.07.17 11:19:32, Info: Verifying archive C:\Projects\iTachFlexCrestronDemo\iTachFlexLibrary\iTachFlexLibrary\bin\Debug\iTachFlexLibrary.clz...
04.07.17 11:19:33, Info: Saving project information...
04.07.17 11:20:41, Info: Initializing SIMPLSharp Services...
04.07.17 11:20:41, Info: ProjectInfo successfully initialized.
04.07.17 11:20:41, Info: Verifying archive C:\Projects\iTachFlexCrestronDemo\iTachFlexLibrary\iTachFlexLibrary\bin\Debug\iTachFlexLibrary.clz...
04.07.17 11:20:42, Info: Saving project information...
04.07.17 11:20:57, Info: Initializing SIMPLSharp Services...
04.07.17 11:20:57, Info: ProjectInfo successfully initialized.
04.07.17 11:20:57, Info: Verifying archive C:\Projects\iTachFlexCrestronDemo\iTachFlexLibrary\iTachFlexLibrary\bin\Debug\iTachFlexLibrary.clz...
04.07.17 11:20:58, Info: Saving project information...
04.07.17 11:21:14, Info: Initializing SIMPLSharp Services...
04.07.17 11:21:14, Info: ProjectInfo successfully initialized.
04.07.17 11:21:14, Info: Verifying archive C:\Projects\iTachFlexCrestronDemo\iTachFlexLibrary\iTachFlexLibrary\bin\Debug\iTachFlexLibrary.clz...
04.07.17 11:21:15, Info: Saving project information...
04.07.17 11:21:42, Info: Initializing SIMPLSharp Services...
04.07.17 11:21:42, Info: ProjectInfo successfully initialized.
04.07.17 11:21:42, Info: Verifying archive C:\Projects\iTachFlexCrestronDemo\iTachFlexLibrary\iTachFlexLibrary\bin\Debug\iTachFlexLibrary.clz...
04.07.17 11:21:43, Info: Saving project information...
04.07.17 11:23:17, Info: Initializing SIMPLSharp Services...
04.07.17 11:23:17, Info: ProjectInfo successfully initialized.
04.07.17 11:23:17, Info: Verifying archive C:\Projects\iTachFlexCrestronDemo\iTachFlexLibrary\iTachFlexLibrary\bin\Debug\iTachFlexLibrary.clz...
04.07.17 11:23:18, Info: Saving project information...
04.07.17 11:30:57, Info: Initializing SIMPLSharp Services...
04.07.17 11:30:57, Info: ProjectInfo successfully initialized.
04.07.17 11:30:58, Info: Verifying archive C:\Projects\iTachFlexCrestronDemo\iTachFlexLibrary\iTachFlexLibrary\bin\Debug\iTachFlexLibrary.clz...
04.07.17 11:30:58, Info: Saving project information...
04.07.17 11:43:53, Info: Initializing SIMPLSharp Services...
04.07.17 11:43:53, Info: ProjectInfo successfully initialized.
04.07.17 11:43:53, Info: Verifying archive C:\Projects\iTachFlexCrestronDemo\iTachFlexLibrary\iTachFlexLibrary\bin\Debug\iTachFlexLibrary.clz...
04.07.17 11:43:54, Info: Saving project information...
04.07.17 11:44:31, Info: Initializing SIMPLSharp Services...
04.07.17 11:44:31, Info: ProjectInfo successfully initialized.
04.07.17 11:44:32, Info: Verifying archive C:\Projects\iTachFlexCrestronDemo\iTachFlexLibrary\iTachFlexLibrary\bin\Debug\iTachFlexLibrary.clz...
04.07.17 11:44:32, Info: Saving project information...
04.07.17 11:44:53, Info: Initializing SIMPLSharp Services...
04.07.17 11:44:53, Info: ProjectInfo successfully initialized.
04.07.17 11:44:53, Info: Verifying archive C:\Projects\iTachFlexCrestronDemo\iTachFlexLibrary\iTachFlexLibrary\bin\Debug\iTachFlexLibrary.clz...
04.07.17 11:44:54, Info: Saving project information...
04.07.17 11:46:03, Info: Initializing SIMPLSharp Services...
04.07.17 11:46:03, Info: ProjectInfo successfully initialized.
04.07.17 11:46:04, Info: Verifying archive C:\Projects\iTachFlexCrestronDemo\iTachFlexLibrary\iTachFlexLibrary\bin\Debug\iTachFlexLibrary.clz...
04.07.17 11:46:04, Info: Saving project information...
04.07.17 11:46:38, Info: Initializing SIMPLSharp Services...
04.07.17 11:46:38, Info: ProjectInfo successfully initialized.
04.07.17 11:46:39, Info: Verifying archive C:\Projects\iTachFlexCrestronDemo\iTachFlexLibrary\iTachFlexLibrary\bin\Debug\iTachFlexLibrary.clz...
04.07.17 11:46:39, Info: Saving project information...
04.07.17 11:50:07, Info: Initializing SIMPLSharp Services...
04.07.17 11:50:07, Info: ProjectInfo successfully initialized.
04.07.17 11:50:08, Info: Verifying archive C:\Projects\iTachFlexCrestronDemo\iTachFlexLibrary.clz...
04.07.17 11:50:08, Info: Saving project information...
04.07.17 11:56:05, Info: Terminating SIMPLSharp Services
04.07.17 11:56:05, Info: Saving project information...
04.07.17 11:56:05, Info: Terminating SIMPLSharp Services
04.07.17 11:56:05, Info: Saving project information...
04.07.17 11:56:05, Info: Terminating SIMPLSharp Services
04.07.17 11:56:05, Info: Saving project information...
04.07.17 11:56:05, Info: Terminating SIMPLSharp Services
04.07.17 11:56:05, Info: Saving project information...
04.07.17 11:56:05, Info: Terminating SIMPLSharp Services
04.07.17 11:56:05, Info: Saving project information...
04.07.17 11:56:05, Info: Terminating SIMPLSharp Services
04.07.17 11:56:05, Info: Saving project information...
04.07.17 11:56:05, Info: Terminating SIMPLSharp Services
04.07.17 11:56:05, Info: Saving project information...
04.07.17 11:56:05, Info: Terminating SIMPLSharp Services
04.07.17 11:56:05, Info: Saving project information...
04.07.17 11:56:05, Info: Terminating SIMPLSharp Services
04.07.17 11:56:05, Info: Saving project information...
04.07.17 11:56:05, Info: Terminating SIMPLSharp Services
04.07.17 11:56:05, Info: Saving project information...
04.07.17 11:56:05, Info: Terminating SIMPLSharp Services
04.07.17 11:56:05, Info: Saving project information...
04.07.17 11:56:05, Info: Terminating SIMPLSharp Services
04.07.17 11:56:05, Info: Saving project information...
04.07.17 11:56:05, Info: Terminating SIMPLSharp Services
04.07.17 11:56:05, Info: Saving project information...
04.07.17 11:56:05, Info: Terminating SIMPLSharp Services
04.07.17 11:56:05, Info: Saving project information...
04.07.17 11:56:05, Info: Terminating SIMPLSharp Services
04.07.17 11:56:05, Info: Saving project information...
04.07.17 11:56:05, Info: Terminating SIMPLSharp Services
04.07.17 11:56:05, Info: Saving project information...
04.07.17 11:56:05, Info: Terminating SIMPLSharp Services
04.07.17 11:56:05, Info: Saving project information...
04.07.17 11:56:05, Info: Terminating SIMPLSharp Services
04.07.17 11:56:05, Info: Saving project information...
04.07.17 11:56:05, Info: Terminating SIMPLSharp Services
04.07.17 11:56:05, Info: Saving project information...
04.07.17 11:56:05, Info: Terminating SIMPLSharp Services
04.07.17 11:56:05, Info: Saving project information...
04.07.17 11:56:05, Info: Terminating SIMPLSharp Services
04.07.17 11:56:05, Info: Saving project information...
04.07.17 11:56:05, Info: Terminating SIMPLSharp Services
04.07.17 11:56:05, Info: Saving project information...
04.07.17 11:56:05, Info: Terminating SIMPLSharp Services
04.07.17 11:56:05, Info: Saving project information...
04.07.17 11:56:05, Info: Terminating SIMPLSharp Services
04.07.17 11:56:05, Info: Saving project information...
04.07.17 11:56:05, Info: Terminating SIMPLSharp Services
04.07.17 11:56:05, Info: Saving project information...
04.07.17 11:56:05, Info: Terminating SIMPLSharp Services
04.07.17 11:56:05, Info: Saving project information...
04.07.17 11:56:05, Info: Terminating SIMPLSharp Services
04.07.17 11:56:05, Info: Saving project information...
04.07.17 11:56:05, Info: Terminating SIMPLSharp Services
