04.07.17 10:02:51, Info: Initializing SIMPLSharp Services...
04.07.17 10:02:51, Info: ProjectInfo successfully initialized.
04.07.17 10:02:51, Info: Verifying archive C:\Projects\iTachFlexCrestronDemo\iTachFlexLibrary\iTachFlexLibrary\bin\Debug\iTachFlexLibrary.clz...
04.07.17 10:02:52, Info: Saving project information...
04.07.17 10:02:52, Info: Commiting verification transaction...
04.07.17 10:02:52, Info: Saving project information...
04.07.17 10:26:05, Info: Initializing SIMPLSharp Services...
04.07.17 10:26:05, Info: ProjectInfo successfully initialized.
04.07.17 10:26:05, Info: Verifying archive C:\Projects\iTachFlexCrestronDemo\iTachFlexLibrary\iTachFlexLibrary\bin\Debug\iTachFlexLibrary.clz...
04.07.17 10:26:05, Info: Saving project information...
04.07.17 10:26:06, Info: Commiting verification transaction...
04.07.17 10:26:06, Info: Saving project information...
04.07.17 10:31:39, Info: Initializing SIMPLSharp Services...
04.07.17 10:31:39, Info: ProjectInfo successfully initialized.
04.07.17 10:31:39, Info: Verifying archive C:\Projects\iTachFlexCrestronDemo\iTachFlexLibrary\iTachFlexLibrary\bin\Debug\iTachFlexLibrary.clz...
04.07.17 10:31:40, Info: Saving project information...
04.07.17 10:31:40, Info: Commiting verification transaction...
04.07.17 10:31:40, Info: Saving project information...
04.07.17 10:31:42, Info: Initializing SIMPLSharp Services...
04.07.17 10:31:42, Info: ProjectInfo successfully initialized.
04.07.17 10:31:42, Info: Verifying archive C:\Projects\iTachFlexCrestronDemo\iTachFlexLibrary\iTachFlexLibrary\bin\Debug\iTachFlexLibrary.clz...
04.07.17 10:31:43, Info: Saving project information...
04.07.17 10:31:44, Info: Commiting verification transaction...
04.07.17 10:31:44, Info: Saving project information...
04.07.17 10:35:44, Info: Initializing SIMPLSharp Services...
04.07.17 10:35:44, Info: ProjectInfo successfully initialized.
04.07.17 10:35:44, Info: Verifying archive C:\Projects\iTachFlexCrestronDemo\iTachFlexLibrary\iTachFlexLibrary\bin\Debug\iTachFlexLibrary.clz...
04.07.17 10:35:45, Info: Saving project information...
04.07.17 10:35:45, Info: Commiting verification transaction...
04.07.17 10:35:45, Info: Saving project information...
04.07.17 10:39:03, Info: Initializing SIMPLSharp Services...
04.07.17 10:39:03, Info: ProjectInfo successfully initialized.
04.07.17 10:39:03, Info: Verifying archive C:\Projects\iTachFlexCrestronDemo\iTachFlexLibrary\iTachFlexLibrary\bin\Debug\iTachFlexLibrary.clz...
04.07.17 10:39:04, Info: Saving project information...
04.07.17 10:39:04, Info: Commiting verification transaction...
04.07.17 10:39:04, Info: Saving project information...
04.07.17 10:41:28, Info: Initializing SIMPLSharp Services...
04.07.17 10:41:28, Info: ProjectInfo successfully initialized.
04.07.17 10:41:29, Info: Verifying archive C:\Projects\iTachFlexCrestronDemo\iTachFlexLibrary\iTachFlexLibrary\bin\Debug\iTachFlexLibrary.clz...
04.07.17 10:41:29, Info: Saving project information...
04.07.17 10:41:29, Info: Commiting verification transaction...
04.07.17 10:41:29, Info: Saving project information...
04.07.17 10:44:33, Info: Initializing SIMPLSharp Services...
04.07.17 10:44:33, Info: ProjectInfo successfully initialized.
04.07.17 10:44:33, Info: Verifying archive C:\Projects\iTachFlexCrestronDemo\iTachFlexLibrary\iTachFlexLibrary\bin\Debug\iTachFlexLibrary.clz...
04.07.17 10:44:33, Info: Saving project information...
04.07.17 10:44:34, Info: Commiting verification transaction...
04.07.17 10:44:34, Info: Saving project information...
04.07.17 10:47:20, Info: Initializing SIMPLSharp Services...
04.07.17 10:47:20, Info: ProjectInfo successfully initialized.
04.07.17 10:47:20, Info: Verifying archive C:\Projects\iTachFlexCrestronDemo\iTachFlexLibrary\iTachFlexLibrary\bin\Debug\iTachFlexLibrary.clz...
04.07.17 10:47:21, Info: Saving project information...
04.07.17 10:47:21, Info: Commiting verification transaction...
04.07.17 10:47:21, Info: Saving project information...
04.07.17 10:51:41, Info: Initializing SIMPLSharp Services...
04.07.17 10:51:41, Info: ProjectInfo successfully initialized.
04.07.17 10:51:41, Info: Verifying archive C:\Projects\iTachFlexCrestronDemo\iTachFlexLibrary\iTachFlexLibrary\bin\Debug\iTachFlexLibrary.clz...
04.07.17 10:51:41, Info: Saving project information...
04.07.17 10:51:42, Info: Commiting verification transaction...
04.07.17 10:51:42, Info: Saving project information...
04.07.17 10:58:13, Info: Initializing SIMPLSharp Services...
04.07.17 10:58:13, Info: ProjectInfo successfully initialized.
04.07.17 10:58:13, Info: Verifying archive C:\Projects\iTachFlexCrestronDemo\iTachFlexLibrary\iTachFlexLibrary\bin\Debug\iTachFlexLibrary.clz...
04.07.17 10:58:14, Info: Saving project information...
04.07.17 10:58:14, Info: Commiting verification transaction...
04.07.17 10:58:14, Info: Saving project information...
04.07.17 11:10:40, Info: Initializing SIMPLSharp Services...
04.07.17 11:10:40, Info: ProjectInfo successfully initialized.
04.07.17 11:10:40, Info: Verifying archive C:\Projects\iTachFlexCrestronDemo\iTachFlexLibrary\iTachFlexLibrary\bin\Debug\iTachFlexLibrary.clz...
04.07.17 11:10:41, Info: Saving project information...
04.07.17 11:10:41, Info: Commiting verification transaction...
04.07.17 11:10:41, Info: Saving project information...
04.07.17 11:11:42, Info: Initializing SIMPLSharp Services...
04.07.17 11:11:42, Info: ProjectInfo successfully initialized.
04.07.17 11:11:42, Info: Verifying archive C:\Projects\iTachFlexCrestronDemo\iTachFlexLibrary\iTachFlexLibrary\bin\Debug\iTachFlexLibrary.clz...
04.07.17 11:11:43, Info: Saving project information...
04.07.17 11:11:44, Info: Commiting verification transaction...
04.07.17 11:11:44, Info: Saving project information...
04.07.17 11:31:04, Info: Initializing SIMPLSharp Services...
04.07.17 11:31:04, Info: ProjectInfo successfully initialized.
04.07.17 11:31:04, Info: Verifying archive C:\Projects\iTachFlexCrestronDemo\iTachFlexLibrary\iTachFlexLibrary\bin\Debug\iTachFlexLibrary.clz...
04.07.17 11:31:05, Info: Saving project information...
04.07.17 11:31:05, Info: Commiting verification transaction...
04.07.17 11:31:05, Info: Saving project information...
04.07.17 11:31:25, Info: Initializing SIMPLSharp Services...
04.07.17 11:31:25, Info: ProjectInfo successfully initialized.
04.07.17 11:31:26, Info: Verifying archive C:\Projects\iTachFlexCrestronDemo\iTachFlexLibrary\iTachFlexLibrary\bin\Debug\iTachFlexLibrary.clz...
04.07.17 11:31:26, Info: Saving project information...
04.07.17 11:31:27, Info: Commiting verification transaction...
04.07.17 11:31:27, Info: Saving project information...
04.07.17 11:31:34, Info: Initializing SIMPLSharp Services...
04.07.17 11:31:34, Info: ProjectInfo successfully initialized.
04.07.17 11:31:34, Info: Verifying archive C:\Projects\iTachFlexCrestronDemo\iTachFlexLibrary\iTachFlexLibrary\bin\Debug\iTachFlexLibrary.clz...
04.07.17 11:31:35, Info: Saving project information...
04.07.17 11:31:36, Info: Commiting verification transaction...
04.07.17 11:31:36, Info: Saving project information...
04.07.17 11:31:51, Info: Initializing SIMPLSharp Services...
04.07.17 11:31:51, Info: ProjectInfo successfully initialized.
04.07.17 11:31:51, Info: Verifying archive C:\Projects\iTachFlexCrestronDemo\iTachFlexLibrary\iTachFlexLibrary\bin\Debug\iTachFlexLibrary.clz...
04.07.17 11:31:52, Info: Saving project information...
04.07.17 11:31:52, Info: Commiting verification transaction...
04.07.17 11:31:52, Info: Saving project information...
04.07.17 11:32:09, Info: Initializing SIMPLSharp Services...
04.07.17 11:32:09, Info: ProjectInfo successfully initialized.
04.07.17 11:32:09, Info: Verifying archive C:\Projects\iTachFlexCrestronDemo\iTachFlexLibrary\iTachFlexLibrary\bin\Debug\iTachFlexLibrary.clz...
04.07.17 11:32:10, Info: Saving project information...
04.07.17 11:32:10, Info: Commiting verification transaction...
04.07.17 11:32:10, Info: Saving project information...
04.07.17 11:34:05, Info: Initializing SIMPLSharp Services...
04.07.17 11:34:05, Info: ProjectInfo successfully initialized.
04.07.17 11:34:05, Info: Verifying archive C:\Projects\iTachFlexCrestronDemo\iTachFlexLibrary\iTachFlexLibrary\bin\Debug\iTachFlexLibrary.clz...
04.07.17 11:34:05, Info: Saving project information...
04.07.17 11:34:06, Info: Commiting verification transaction...
04.07.17 11:34:06, Info: Saving project information...
04.07.17 11:36:44, Info: Initializing SIMPLSharp Services...
04.07.17 11:36:44, Info: ProjectInfo successfully initialized.
04.07.17 11:36:45, Info: Verifying archive C:\Projects\iTachFlexCrestronDemo\iTachFlexLibrary\iTachFlexLibrary\bin\Debug\iTachFlexLibrary.clz...
04.07.17 11:36:45, Info: Saving project information...
04.07.17 11:36:46, Info: Commiting verification transaction...
04.07.17 11:36:46, Info: Saving project information...
04.07.17 11:44:03, Info: Initializing SIMPLSharp Services...
04.07.17 11:44:03, Info: ProjectInfo successfully initialized.
04.07.17 11:44:03, Info: Verifying archive C:\Projects\iTachFlexCrestronDemo\iTachFlexLibrary\iTachFlexLibrary\bin\Debug\iTachFlexLibrary.clz...
04.07.17 11:44:03, Info: Saving project information...
04.07.17 11:44:04, Info: Commiting verification transaction...
04.07.17 11:44:04, Info: Saving project information...
04.07.17 11:47:12, Info: Initializing SIMPLSharp Services...
04.07.17 11:47:12, Info: ProjectInfo successfully initialized.
04.07.17 11:47:12, Info: Verifying archive C:\Projects\iTachFlexCrestronDemo\iTachFlexLibrary\iTachFlexLibrary\bin\Debug\iTachFlexLibrary.clz...
04.07.17 11:47:12, Info: Saving project information...
04.07.17 11:47:13, Info: Commiting verification transaction...
04.07.17 11:47:13, Info: Saving project information...
04.07.17 11:47:23, Info: Initializing SIMPLSharp Services...
04.07.17 11:47:23, Info: ProjectInfo successfully initialized.
04.07.17 11:47:24, Info: Verifying archive C:\Projects\iTachFlexCrestronDemo\iTachFlexLibrary\iTachFlexLibrary\bin\Debug\iTachFlexLibrary.clz...
04.07.17 11:47:24, Info: Saving project information...
04.07.17 11:47:25, Info: Commiting verification transaction...
04.07.17 11:47:25, Info: Saving project information...
04.07.17 11:50:14, Info: Initializing SIMPLSharp Services...
04.07.17 11:50:14, Info: ProjectInfo successfully initialized.
04.07.17 11:50:15, Info: Verifying archive C:\Projects\iTachFlexCrestronDemo\iTachFlexLibrary.clz...
04.07.17 11:50:15, Info: Saving project information...
04.07.17 11:50:16, Info: Commiting verification transaction...
04.07.17 11:50:16, Info: Saving project information...
04.07.17 11:51:42, Info: Terminating SIMPLSharp Services
04.07.17 11:51:42, Info: Saving project information...
04.07.17 11:51:42, Info: Terminating SIMPLSharp Services
04.07.17 11:51:42, Info: Saving project information...
04.07.17 11:51:42, Info: Terminating SIMPLSharp Services
04.07.17 11:51:42, Info: Saving project information...
04.07.17 11:51:42, Info: Terminating SIMPLSharp Services
04.07.17 11:51:42, Info: Saving project information...
04.07.17 11:51:42, Info: Terminating SIMPLSharp Services
04.07.17 11:51:42, Info: Saving project information...
04.07.17 11:51:42, Info: Terminating SIMPLSharp Services
04.07.17 11:51:42, Info: Saving project information...
04.07.17 11:51:42, Info: Terminating SIMPLSharp Services
04.07.17 11:51:42, Info: Saving project information...
04.07.17 11:51:42, Info: Terminating SIMPLSharp Services
04.07.17 11:51:42, Info: Saving project information...
04.07.17 11:51:42, Info: Terminating SIMPLSharp Services
04.07.17 11:51:42, Info: Saving project information...
04.07.17 11:51:42, Info: Terminating SIMPLSharp Services
04.07.17 11:51:42, Info: Saving project information...
04.07.17 11:51:42, Info: Terminating SIMPLSharp Services
04.07.17 11:51:42, Info: Saving project information...
04.07.17 11:51:42, Info: Terminating SIMPLSharp Services
04.07.17 11:51:42, Info: Saving project information...
04.07.17 11:51:42, Info: Terminating SIMPLSharp Services
04.07.17 11:51:42, Info: Saving project information...
04.07.17 11:51:42, Info: Terminating SIMPLSharp Services
04.07.17 11:51:42, Info: Saving project information...
04.07.17 11:51:42, Info: Terminating SIMPLSharp Services
04.07.17 11:51:42, Info: Saving project information...
04.07.17 11:51:42, Info: Terminating SIMPLSharp Services
04.07.17 11:51:42, Info: Saving project information...
04.07.17 11:51:42, Info: Terminating SIMPLSharp Services
04.07.17 11:51:42, Info: Saving project information...
04.07.17 11:51:42, Info: Terminating SIMPLSharp Services
04.07.17 11:51:42, Info: Saving project information...
04.07.17 11:51:42, Info: Terminating SIMPLSharp Services
04.07.17 11:51:42, Info: Saving project information...
04.07.17 11:51:42, Info: Terminating SIMPLSharp Services
04.07.17 11:51:42, Info: Saving project information...
04.07.17 11:51:42, Info: Terminating SIMPLSharp Services
04.07.17 11:51:42, Info: Saving project information...
04.07.17 11:51:42, Info: Terminating SIMPLSharp Services
04.07.17 11:51:42, Info: Saving project information...
04.07.17 11:51:42, Info: Terminating SIMPLSharp Services
04.07.17 11:51:42, Info: Saving project information...
04.07.17 11:51:42, Info: Terminating SIMPLSharp Services
